16-09-2012 11:45:30 CRIT (2): Error 500. Application error
16-09-2012 11:45:30 CRIT (2): Request params: Array
(
    [controller] => user
    [action] => registration
    [module] => default
    [login] => master
    [email] => master@mail.ru
    [password] => master
    [submit] => Зарегестрировать
)

16-09-2012 11:45:30 CRIT (2): exception 'PDOException' with message 'SQLSTATE[42S22]: Column not found: 1054 Unknown column 'activate' in 'field list'' in D:\Dev\localhost\online-racing\library\Zend\Db\Statement\Pdo.php:228
Stack trace:
#0 D:\Dev\localhost\online-racing\library\Zend\Db\Statement\Pdo.php(228): PDOStatement->execute(Array)
#1 D:\Dev\localhost\online-racing\library\Zend\Db\Statement.php(303): Zend_Db_Statement_Pdo->_execute(Array)
#2 D:\Dev\localhost\online-racing\library\Zend\Db\Adapter\Abstract.php(479): Zend_Db_Statement->execute(Array)
#3 D:\Dev\localhost\online-racing\library\Zend\Db\Adapter\Pdo\Abstract.php(238): Zend_Db_Adapter_Abstract->query('INSERT INTO `us...', Array)
#4 D:\Dev\localhost\online-racing\library\Zend\Db\Adapter\Abstract.php(575): Zend_Db_Adapter_Pdo_Abstract->query('INSERT INTO `us...', Array)
#5 D:\Dev\localhost\online-racing\library\Zend\Db\Table\Abstract.php(1076): Zend_Db_Adapter_Abstract->insert('user', Array)
#6 D:\Dev\localhost\online-racing\application\models\UserMapper.php(65): Zend_Db_Table_Abstract->insert(Array)
#7 D:\Dev\localhost\online-racing\application\controllers\UserController.php(101): Application_Model_UserMapper->AddNewUser(Object(Application_Model_User))
#8 D:\Dev\localhost\online-racing\library\Zend\Controller\Action.php(516): UserController->registrationAction()
#9 D:\Dev\localhost\online-racing\library\Zend\Controller\Dispatcher\Standard.php(308): Zend_Controller_Action->dispatch('registrationAct...')
#10 D:\Dev\localhost\online-racing\library\Zend\Controller\Front.php(954): Zend_Controller_Dispatcher_Standard->dispatch(Object(Zend_Controller_Request_Http), Object(Zend_Controller_Response_Http))
#11 D:\Dev\localhost\online-racing\library\Zend\Application\Bootstrap\Bootstrap.php(97): Zend_Controller_Front->dispatch()
#12 D:\Dev\localhost\online-racing\library\Zend\Application.php(366): Zend_Application_Bootstrap_Bootstrap->run()
#13 D:\Dev\localhost\online-racing\public_html\index.php(27): Zend_Application->run()
#14 {main}

Next exception 'Zend_Db_Statement_Exception' with message 'SQLSTATE[42S22]: Column not found: 1054 Unknown column 'activate' in 'field list'' in D:\Dev\localhost\online-racing\library\Zend\Db\Statement\Pdo.php:234
Stack trace:
#0 D:\Dev\localhost\online-racing\library\Zend\Db\Statement.php(303): Zend_Db_Statement_Pdo->_execute(Array)
#1 D:\Dev\localhost\online-racing\library\Zend\Db\Adapter\Abstract.php(479): Zend_Db_Statement->execute(Array)
#2 D:\Dev\localhost\online-racing\library\Zend\Db\Adapter\Pdo\Abstract.php(238): Zend_Db_Adapter_Abstract->query('INSERT INTO `us...', Array)
#3 D:\Dev\localhost\online-racing\library\Zend\Db\Adapter\Abstract.php(575): Zend_Db_Adapter_Pdo_Abstract->query('INSERT INTO `us...', Array)
#4 D:\Dev\localhost\online-racing\library\Zend\Db\Table\Abstract.php(1076): Zend_Db_Adapter_Abstract->insert('user', Array)
#5 D:\Dev\localhost\online-racing\application\models\UserMapper.php(65): Zend_Db_Table_Abstract->insert(Array)
#6 D:\Dev\localhost\online-racing\application\controllers\UserController.php(101): Application_Model_UserMapper->AddNewUser(Object(Application_Model_User))
#7 D:\Dev\localhost\online-racing\library\Zend\Controller\Action.php(516): UserController->registrationAction()
#8 D:\Dev\localhost\online-racing\library\Zend\Controller\Dispatcher\Standard.php(308): Zend_Controller_Action->dispatch('registrationAct...')
#9 D:\Dev\localhost\online-racing\library\Zend\Controller\Front.php(954): Zend_Controller_Dispatcher_Standard->dispatch(Object(Zend_Controller_Request_Http), Object(Zend_Controller_Response_Http))
#10 D:\Dev\localhost\online-racing\library\Zend\Application\Bootstrap\Bootstrap.php(97): Zend_Controller_Front->dispatch()
#11 D:\Dev\localhost\online-racing\library\Zend\Application.php(366): Zend_Application_Bootstrap_Bootstrap->run()
#12 D:\Dev\localhost\online-racing\public_html\index.php(27): Zend_Application->run()
#13 {main}
